18:01:53.560 WARN  [] --- [restartedMain]:[o.s.b.StartupInfoLogger,appendOn,117]:[InetAddress.getLocalHost().getHostName() took 5003 milliseconds to respond. Please verify your network configuration (macOS machines may need to add entries to /etc/hosts).]
18:01:53.560 WARN  [] --- [restartedMain]:[o.s.b.StartupInfoLogger,appendOn,117]:[InetAddress.getLocalHost().getHostName() took 5003 milliseconds to respond. Please verify your network configuration (macOS machines may need to add entries to /etc/hosts).]
18:01:58.569 WARN  [] --- [restartedMain]:[o.s.b.s.ApplicationPid,resolveJvmName,75]:[ManagementFactory.getRuntimeMXBean().getName() took 5005 milliseconds to respond. This may be due to slow host name resolution. Please verify your network configuration (macOS machines may need to add entries to /etc/hosts).]
18:01:58.569 WARN  [] --- [restartedMain]:[o.s.b.s.ApplicationPid,resolveJvmName,75]:[ManagementFactory.getRuntimeMXBean().getName() took 5005 milliseconds to respond. This may be due to slow host name resolution. Please verify your network configuration (macOS machines may need to add entries to /etc/hosts).]
18:01:58.575 INFO  [] --- [restartedMain]:[c.e.u.UdpServerApplication,logStarting,55]:[Starting UdpServerApplication using Java 1.8.0_241 on qiuxinyideMacBook-Pro.local with PID 3129 (/Users/qiuxinyi/IdeaProjects/udp-server/target/classes started by qiuxinyi in /Users/qiuxinyi/IdeaProjects/udp-server)]
18:01:58.578 INFO  [] --- [restartedMain]:[c.e.u.UdpServerApplication,logStartupProfileInfo,634]:[No active profile set, falling back to 1 default profile: "default"]
18:01:59.889 INFO  [] --- [restartedMain]:[o.a.c.h.Http11NioProtocol,log,173]:[Initializing ProtocolHandler ["http-nio-8888"]]
18:01:59.890 INFO  [] --- [restartedMain]:[o.a.c.c.StandardService,log,173]:[Starting service [Tomcat]]
18:01:59.890 INFO  [] --- [restartedMain]:[o.a.c.c.StandardEngine,log,173]:[Starting Servlet engine: [Apache Tomcat/9.0.65]]
18:01:59.946 INFO  [] --- [restartedMain]:[o.a.c.c.C.[.[.[/],log,173]:[Initializing Spring embedded WebApplicationContext]
18:02:00.095 INFO  [] --- [restartedMain]:[c.e.u.a.c.ThreadPoolConfig,threadPoolTaskExecutor,53]:[---------- 线程池开始加载 ----------]
18:02:00.096 INFO  [] --- [restartedMain]:[c.e.u.a.c.ThreadPoolConfig,threadPoolTaskExecutor,72]:[---------- 线程池加载完成 ----------]
18:02:00.102 INFO  [] --- [restartedMain]:[c.e.u.u.s.UdpServer,integrationFlow,71]:[UDP服务启动成功，端口号为: 7777]
18:02:00.670 INFO  [] --- [restartedMain]:[o.a.c.h.Http11NioProtocol,log,173]:[Starting ProtocolHandler ["http-nio-8888"]]
18:02:00.711 INFO  [] --- [restartedMain]:[c.e.u.UdpServerApplication,logStarted,61]:[Started UdpServerApplication in 22.723 seconds (JVM running for 29.165)]
18:02:45.492 INFO  [] --- [http-nio-8888-exec-1]:[o.a.c.c.C.[.[.[/],log,173]:[Initializing Spring DispatcherServlet 'dispatcherServlet']
18:02:45.520 INFO  [] --- [http-nio-8888-exec-1]:[c.e.u.u.c.UdpSimpleClient,sendMessage,28]:[发送UDP: aA]
18:02:45.523 INFO  [] --- [http-nio-8888-exec-1]:[c.e.u.u.c.UdpSimpleClient,sendMessage,38]:[发送成功]
18:02:45.548 INFO  [] --- [thread-pool-task-executor-1]:[c.e.u.u.s.i.BusinessServiceImpl,udpHandleMethod,23]:[业务开始处理]
18:02:45.548 INFO  [] --- [integrationFlow.ip:udp-inbound-channel-adapter#0-ip:udp-inbound-channel-adapter]:[c.e.u.u.s.UdpServer,udpMessageHandle,158]:[UDP1:aA]
18:02:48.557 INFO  [] --- [thread-pool-task-executor-1]:[c.e.u.u.s.i.BusinessServiceImpl,udpHandleMethod,25]:[业务处理完成]
18:03:14.684 INFO  [] --- [http-nio-8888-exec-2]:[c.e.u.u.c.UdpSimpleClient,sendMessage,28]:[发送UDP: aA]
18:04:02.276 INFO  [] --- [http-nio-8888-exec-2]:[c.e.u.u.c.UdpSimpleClient,sendMessage,38]:[发送成功]
18:04:02.280 INFO  [] --- [integrationFlow.ip:udp-inbound-channel-adapter#0-ip:udp-inbound-channel-adapter]:[c.e.u.u.s.UdpServer,udpMessageHandle,158]:[UDP1:aA]
18:04:02.281 INFO  [] --- [thread-pool-task-executor-2]:[c.e.u.u.s.i.BusinessServiceImpl,udpHandleMethod,23]:[业务开始处理]
18:04:07.170 INFO  [] --- [thread-pool-task-executor-2]:[c.e.u.u.s.i.BusinessServiceImpl,udpHandleMethod,25]:[业务处理完成]
18:04:39.221 INFO  [] --- [http-nio-8888-exec-3]:[c.e.u.u.c.UdpSimpleClient,sendMessage,28]:[发送UDP: aA]
18:04:39.222 INFO  [] --- [http-nio-8888-exec-3]:[c.e.u.u.c.UdpSimpleClient,sendMessage,38]:[发送成功]
18:04:39.223 INFO  [] --- [thread-pool-task-executor-3]:[c.e.u.u.s.i.BusinessServiceImpl,udpHandleMethod,23]:[业务开始处理]
18:04:39.223 INFO  [] --- [integrationFlow.ip:udp-inbound-channel-adapter#0-ip:udp-inbound-channel-adapter]:[c.e.u.u.s.UdpServer,udpMessageHandle,158]:[UDP1:aA]
18:04:42.240 INFO  [] --- [thread-pool-task-executor-3]:[c.e.u.u.s.i.BusinessServiceImpl,udpHandleMethod,25]:[业务处理完成]
18:07:10.638 WARN  [] --- [restartedMain]:[o.s.b.StartupInfoLogger,appendOn,117]:[InetAddress.getLocalHost().getHostName() took 5003 milliseconds to respond. Please verify your network configuration (macOS machines may need to add entries to /etc/hosts).]
18:07:10.638 WARN  [] --- [restartedMain]:[o.s.b.StartupInfoLogger,appendOn,117]:[InetAddress.getLocalHost().getHostName() took 5003 milliseconds to respond. Please verify your network configuration (macOS machines may need to add entries to /etc/hosts).]
18:07:15.646 WARN  [] --- [restartedMain]:[o.s.b.s.ApplicationPid,resolveJvmName,75]:[ManagementFactory.getRuntimeMXBean().getName() took 5003 milliseconds to respond. This may be due to slow host name resolution. Please verify your network configuration (macOS machines may need to add entries to /etc/hosts).]
18:07:15.646 WARN  [] --- [restartedMain]:[o.s.b.s.ApplicationPid,resolveJvmName,75]:[ManagementFactory.getRuntimeMXBean().getName() took 5003 milliseconds to respond. This may be due to slow host name resolution. Please verify your network configuration (macOS machines may need to add entries to /etc/hosts).]
18:07:15.651 INFO  [] --- [restartedMain]:[c.e.u.UdpServerApplication,logStarting,55]:[Starting UdpServerApplication using Java 1.8.0_241 on qiuxinyideMacBook-Pro.local with PID 3219 (/Users/qiuxinyi/IdeaProjects/udp-server/target/classes started by qiuxinyi in /Users/qiuxinyi/IdeaProjects/udp-server)]
18:07:15.654 INFO  [] --- [restartedMain]:[c.e.u.UdpServerApplication,logStartupProfileInfo,634]:[No active profile set, falling back to 1 default profile: "default"]
18:07:16.828 INFO  [] --- [restartedMain]:[o.a.c.h.Http11NioProtocol,log,173]:[Initializing ProtocolHandler ["http-nio-8888"]]
18:07:16.829 INFO  [] --- [restartedMain]:[o.a.c.c.StandardService,log,173]:[Starting service [Tomcat]]
18:07:16.829 INFO  [] --- [restartedMain]:[o.a.c.c.StandardEngine,log,173]:[Starting Servlet engine: [Apache Tomcat/9.0.65]]
18:07:16.891 INFO  [] --- [restartedMain]:[o.a.c.c.C.[.[.[/],log,173]:[Initializing Spring embedded WebApplicationContext]
18:07:17.045 INFO  [] --- [restartedMain]:[c.e.u.a.c.ThreadPoolConfig,threadPoolTaskExecutor,53]:[---------- 线程池开始加载 ----------]
18:07:17.046 INFO  [] --- [restartedMain]:[c.e.u.a.c.ThreadPoolConfig,threadPoolTaskExecutor,72]:[---------- 线程池加载完成 ----------]
18:07:17.050 INFO  [] --- [restartedMain]:[c.e.u.u.s.UdpServer,integrationFlow,71]:[UDP服务启动成功，端口号为: 7777]
18:07:17.605 INFO  [] --- [restartedMain]:[o.a.c.h.Http11NioProtocol,log,173]:[Starting ProtocolHandler ["http-nio-8888"]]
18:07:17.643 INFO  [] --- [restartedMain]:[c.e.u.UdpServerApplication,logStarted,61]:[Started UdpServerApplication in 22.488 seconds (JVM running for 28.129)]
18:07:25.423 INFO  [] --- [http-nio-8888-exec-2]:[o.a.c.c.C.[.[.[/],log,173]:[Initializing Spring DispatcherServlet 'dispatcherServlet']
18:07:25.448 INFO  [] --- [http-nio-8888-exec-2]:[c.e.u.u.c.UdpSimpleClient,sendMessage,28]:[发送UDP: aA]
18:07:25.450 INFO  [] --- [http-nio-8888-exec-2]:[c.e.u.u.c.UdpSimpleClient,sendMessage,38]:[发送成功]
18:07:25.473 INFO  [] --- [thread-pool-task-executor-1]:[c.e.u.u.s.i.BusinessServiceImpl,udpHandleMethod,23]:[业务开始处理]
18:07:25.473 INFO  [] --- [integrationFlow.ip:udp-inbound-channel-adapter#0-ip:udp-inbound-channel-adapter]:[c.e.u.u.s.UdpServer,udpMessageHandle,158]:[UDP1:aA]
18:07:28.474 INFO  [] --- [thread-pool-task-executor-1]:[c.e.u.u.s.i.BusinessServiceImpl,udpHandleMethod,25]:[业务处理完成]
18:07:55.475 INFO  [] --- [http-nio-8888-exec-1]:[c.e.u.u.c.UdpSimpleClient,sendMessage,28]:[发送UDP: aA]
18:07:55.476 INFO  [] --- [http-nio-8888-exec-1]:[c.e.u.u.c.UdpSimpleClient,sendMessage,38]:[发送成功]
18:07:55.480 INFO  [] --- [thread-pool-task-executor-2]:[c.e.u.u.s.i.BusinessServiceImpl,udpHandleMethod,23]:[业务开始处理]
18:07:55.480 INFO  [] --- [integrationFlow.ip:udp-inbound-channel-adapter#0-ip:udp-inbound-channel-adapter]:[c.e.u.u.s.UdpServer,udpMessageHandle,158]:[UDP1:aA]
18:07:58.496 INFO  [] --- [thread-pool-task-executor-2]:[c.e.u.u.s.i.BusinessServiceImpl,udpHandleMethod,25]:[业务处理完成]
18:14:50.966 WARN  [] --- [restartedMain]:[o.s.b.StartupInfoLogger,appendOn,117]:[InetAddress.getLocalHost().getHostName() took 5007 milliseconds to respond. Please verify your network configuration (macOS machines may need to add entries to /etc/hosts).]
18:14:50.966 WARN  [] --- [restartedMain]:[o.s.b.StartupInfoLogger,appendOn,117]:[InetAddress.getLocalHost().getHostName() took 5007 milliseconds to respond. Please verify your network configuration (macOS machines may need to add entries to /etc/hosts).]
18:14:55.972 WARN  [] --- [restartedMain]:[o.s.b.s.ApplicationPid,resolveJvmName,75]:[ManagementFactory.getRuntimeMXBean().getName() took 5002 milliseconds to respond. This may be due to slow host name resolution. Please verify your network configuration (macOS machines may need to add entries to /etc/hosts).]
18:14:55.972 WARN  [] --- [restartedMain]:[o.s.b.s.ApplicationPid,resolveJvmName,75]:[ManagementFactory.getRuntimeMXBean().getName() took 5002 milliseconds to respond. This may be due to slow host name resolution. Please verify your network configuration (macOS machines may need to add entries to /etc/hosts).]
18:14:55.975 INFO  [] --- [restartedMain]:[c.e.u.UdpServerApplication,logStarting,55]:[Starting UdpServerApplication using Java 1.8.0_241 on qiuxinyideMacBook-Pro.local with PID 3234 (/Users/qiuxinyi/IdeaProjects/udp-server/target/classes started by qiuxinyi in /Users/qiuxinyi/IdeaProjects/udp-server)]
18:14:55.977 INFO  [] --- [restartedMain]:[c.e.u.UdpServerApplication,logStartupProfileInfo,634]:[No active profile set, falling back to 1 default profile: "default"]
18:14:56.952 INFO  [] --- [restartedMain]:[o.a.c.h.Http11NioProtocol,log,173]:[Initializing ProtocolHandler ["http-nio-8888"]]
18:14:56.953 INFO  [] --- [restartedMain]:[o.a.c.c.StandardService,log,173]:[Starting service [Tomcat]]
18:14:56.953 INFO  [] --- [restartedMain]:[o.a.c.c.StandardEngine,log,173]:[Starting Servlet engine: [Apache Tomcat/9.0.65]]
18:14:57.000 INFO  [] --- [restartedMain]:[o.a.c.c.C.[.[.[/],log,173]:[Initializing Spring embedded WebApplicationContext]
18:14:57.121 INFO  [] --- [restartedMain]:[c.e.u.a.c.ThreadPoolConfig,threadPoolTaskExecutor,53]:[---------- 线程池开始加载 ----------]
18:14:57.122 INFO  [] --- [restartedMain]:[c.e.u.a.c.ThreadPoolConfig,threadPoolTaskExecutor,72]:[---------- 线程池加载完成 ----------]
18:14:57.126 INFO  [] --- [restartedMain]:[c.e.u.u.s.UdpServer,integrationFlow,71]:[UDP服务启动成功，端口号为: 7777]
18:14:57.631 INFO  [] --- [restartedMain]:[o.a.c.h.Http11NioProtocol,log,173]:[Starting ProtocolHandler ["http-nio-8888"]]
18:14:57.668 INFO  [] --- [restartedMain]:[c.e.u.UdpServerApplication,logStarted,61]:[Started UdpServerApplication in 22.146 seconds (JVM running for 27.76)]
18:15:16.265 INFO  [] --- [http-nio-8888-exec-1]:[o.a.c.c.C.[.[.[/],log,173]:[Initializing Spring DispatcherServlet 'dispatcherServlet']
18:15:16.295 INFO  [] --- [http-nio-8888-exec-1]:[c.e.u.u.c.UdpSimpleClient,sendMessage,28]:[发送UDP: aA]
18:15:16.298 INFO  [] --- [http-nio-8888-exec-1]:[c.e.u.u.c.UdpSimpleClient,sendMessage,38]:[发送成功]
18:15:16.318 INFO  [] --- [integrationFlow.ip:udp-inbound-channel-adapter#0-ip:udp-inbound-channel-adapter]:[c.e.u.u.s.UdpServer,filter,110]:[ip:192.168.0.101]
18:15:16.325 INFO  [] --- [thread-pool-task-executor-1]:[c.e.u.u.s.i.BusinessServiceImpl,udpHandleMethod,23]:[业务开始处理]
18:15:16.325 INFO  [] --- [integrationFlow.ip:udp-inbound-channel-adapter#0-ip:udp-inbound-channel-adapter]:[c.e.u.u.s.UdpServer,udpMessageHandle,159]:[UDP1:aA]
18:15:19.330 INFO  [] --- [thread-pool-task-executor-1]:[c.e.u.u.s.i.BusinessServiceImpl,udpHandleMethod,25]:[业务处理完成]
18:15:34.763 INFO  [] --- [http-nio-8888-exec-2]:[c.e.u.u.c.UdpSimpleClient,sendMessage,28]:[发送UDP: aA]
18:15:34.782 INFO  [] --- [http-nio-8888-exec-2]:[c.e.u.u.c.UdpSimpleClient,sendMessage,38]:[发送成功]
18:15:39.552 INFO  [] --- [integrationFlow.ip:udp-inbound-channel-adapter#0-ip:udp-inbound-channel-adapter]:[c.e.u.u.s.UdpServer,filter,110]:[ip:192.168.0.101]
18:15:50.959 INFO  [] --- [integrationFlow.ip:udp-inbound-channel-adapter#0-ip:udp-inbound-channel-adapter]:[c.e.u.u.s.UdpServer,udpMessageHandle,159]:[UDP1:aA]
18:15:50.960 INFO  [] --- [thread-pool-task-executor-2]:[c.e.u.u.s.i.BusinessServiceImpl,udpHandleMethod,23]:[业务开始处理]
18:15:53.965 INFO  [] --- [thread-pool-task-executor-2]:[c.e.u.u.s.i.BusinessServiceImpl,udpHandleMethod,25]:[业务处理完成]
18:16:00.958 INFO  [] --- [http-nio-8888-exec-3]:[c.e.u.u.c.UdpIntegrationClient,sendMessage,25]:[发送UDP: bB]
18:16:00.977 INFO  [] --- [http-nio-8888-exec-3]:[c.e.u.u.c.UdpIntegrationClient,sendMessage,27]:[发送成功]
18:16:00.978 INFO  [] --- [integrationFlow.ip:udp-inbound-channel-adapter#0-ip:udp-inbound-channel-adapter]:[c.e.u.u.s.UdpServer,filter,110]:[ip:127.0.0.1]
18:16:00.979 INFO  [] --- [integrationFlow.ip:udp-inbound-channel-adapter#0-ip:udp-inbound-channel-adapter]:[c.e.u.u.s.UdpServer,udpMessageHandle,159]:[UDP1:bB]
18:16:00.979 INFO  [] --- [thread-pool-task-executor-3]:[c.e.u.u.s.i.BusinessServiceImpl,udpHandleMethod,23]:[业务开始处理]
18:16:03.983 INFO  [] --- [thread-pool-task-executor-3]:[c.e.u.u.s.i.BusinessServiceImpl,udpHandleMethod,25]:[业务处理完成]
18:21:16.298 WARN  [] --- [restartedMain]:[o.s.b.StartupInfoLogger,appendOn,117]:[InetAddress.getLocalHost().getHostName() took 5007 milliseconds to respond. Please verify your network configuration (macOS machines may need to add entries to /etc/hosts).]
18:21:16.298 WARN  [] --- [restartedMain]:[o.s.b.StartupInfoLogger,appendOn,117]:[InetAddress.getLocalHost().getHostName() took 5007 milliseconds to respond. Please verify your network configuration (macOS machines may need to add entries to /etc/hosts).]
18:21:21.308 WARN  [] --- [restartedMain]:[o.s.b.s.ApplicationPid,resolveJvmName,75]:[ManagementFactory.getRuntimeMXBean().getName() took 5005 milliseconds to respond. This may be due to slow host name resolution. Please verify your network configuration (macOS machines may need to add entries to /etc/hosts).]
18:21:21.308 WARN  [] --- [restartedMain]:[o.s.b.s.ApplicationPid,resolveJvmName,75]:[ManagementFactory.getRuntimeMXBean().getName() took 5005 milliseconds to respond. This may be due to slow host name resolution. Please verify your network configuration (macOS machines may need to add entries to /etc/hosts).]
18:21:21.313 INFO  [] --- [restartedMain]:[c.e.u.UdpServerApplication,logStarting,55]:[Starting UdpServerApplication using Java 1.8.0_241 on qiuxinyideMacBook-Pro.local with PID 3258 (/Users/qiuxinyi/IdeaProjects/udp-server/target/classes started by qiuxinyi in /Users/qiuxinyi/IdeaProjects/udp-server)]
18:21:21.315 INFO  [] --- [restartedMain]:[c.e.u.UdpServerApplication,logStartupProfileInfo,634]:[No active profile set, falling back to 1 default profile: "default"]
18:21:22.334 INFO  [] --- [restartedMain]:[o.a.c.h.Http11NioProtocol,log,173]:[Initializing ProtocolHandler ["http-nio-8888"]]
18:21:22.335 INFO  [] --- [restartedMain]:[o.a.c.c.StandardService,log,173]:[Starting service [Tomcat]]
18:21:22.335 INFO  [] --- [restartedMain]:[o.a.c.c.StandardEngine,log,173]:[Starting Servlet engine: [Apache Tomcat/9.0.65]]
18:21:22.389 INFO  [] --- [restartedMain]:[o.a.c.c.C.[.[.[/],log,173]:[Initializing Spring embedded WebApplicationContext]
18:21:22.507 INFO  [] --- [restartedMain]:[c.e.u.a.c.ThreadPoolConfig,threadPoolTaskExecutor,53]:[---------- 线程池开始加载 ----------]
18:21:22.508 INFO  [] --- [restartedMain]:[c.e.u.a.c.ThreadPoolConfig,threadPoolTaskExecutor,72]:[---------- 线程池加载完成 ----------]
18:21:22.513 INFO  [] --- [restartedMain]:[c.e.u.u.s.UdpServer,integrationFlow,71]:[UDP服务启动成功，端口号为: 7777]
18:21:23.010 INFO  [] --- [restartedMain]:[o.a.c.h.Http11NioProtocol,log,173]:[Starting ProtocolHandler ["http-nio-8888"]]
18:21:23.047 INFO  [] --- [restartedMain]:[c.e.u.UdpServerApplication,logStarted,61]:[Started UdpServerApplication in 22.215 seconds (JVM running for 27.97)]
18:23:05.525 INFO  [] --- [http-nio-8888-exec-1]:[o.a.c.c.C.[.[.[/],log,173]:[Initializing Spring DispatcherServlet 'dispatcherServlet']
18:23:05.555 INFO  [] --- [http-nio-8888-exec-1]:[c.e.u.u.c.UdpIntegrationClient,sendMessage,25]:[发送UDP: bB]
18:23:05.561 INFO  [] --- [http-nio-8888-exec-1]:[c.e.u.u.c.UdpIntegrationClient,sendMessage,27]:[发送成功]
18:23:05.583 INFO  [] --- [integrationFlow.ip:udp-inbound-channel-adapter#0-ip:udp-inbound-channel-adapter]:[c.e.u.u.s.UdpServer,filter,110]:[ip:192.168.0.101]
18:23:05.588 INFO  [] --- [integrationFlow.ip:udp-inbound-channel-adapter#0-ip:udp-inbound-channel-adapter]:[c.e.u.u.s.UdpServer,udpMessageHandle,159]:[UDP1:bB]
18:23:05.589 INFO  [] --- [thread-pool-task-executor-1]:[c.e.u.u.s.i.BusinessServiceImpl,udpHandleMethod,23]:[业务开始处理]
18:23:08.590 INFO  [] --- [thread-pool-task-executor-1]:[c.e.u.u.s.i.BusinessServiceImpl,udpHandleMethod,25]:[业务处理完成]
18:23:28.266 INFO  [] --- [http-nio-8888-exec-2]:[c.e.u.u.c.UdpIntegrationClient,sendMessage,25]:[发送UDP: bB]
18:23:28.284 INFO  [] --- [http-nio-8888-exec-2]:[c.e.u.u.c.UdpIntegrationClient,sendMessage,27]:[发送成功]
18:23:28.287 INFO  [] --- [integrationFlow.ip:udp-inbound-channel-adapter#0-ip:udp-inbound-channel-adapter]:[c.e.u.u.s.UdpServer,filter,110]:[ip:192.168.0.101]
18:23:28.290 INFO  [] --- [thread-pool-task-executor-2]:[c.e.u.u.s.i.BusinessServiceImpl,udpHandleMethod,23]:[业务开始处理]
18:23:28.290 INFO  [] --- [integrationFlow.ip:udp-inbound-channel-adapter#0-ip:udp-inbound-channel-adapter]:[c.e.u.u.s.UdpServer,udpMessageHandle,159]:[UDP1:bB]
18:23:31.295 INFO  [] --- [thread-pool-task-executor-2]:[c.e.u.u.s.i.BusinessServiceImpl,udpHandleMethod,25]:[业务处理完成]
18:23:37.427 INFO  [] --- [http-nio-8888-exec-3]:[c.e.u.u.c.UdpIntegrationClient,sendMessage,25]:[发送UDP: bB]
18:23:37.427 INFO  [] --- [http-nio-8888-exec-3]:[c.e.u.u.c.UdpIntegrationClient,sendMessage,27]:[发送成功]
18:23:37.429 INFO  [] --- [integrationFlow.ip:udp-inbound-channel-adapter#0-ip:udp-inbound-channel-adapter]:[c.e.u.u.s.UdpServer,filter,110]:[ip:192.168.0.101]
18:23:37.430 INFO  [] --- [thread-pool-task-executor-3]:[c.e.u.u.s.i.BusinessServiceImpl,udpHandleMethod,23]:[业务开始处理]
18:23:37.430 INFO  [] --- [integrationFlow.ip:udp-inbound-channel-adapter#0-ip:udp-inbound-channel-adapter]:[c.e.u.u.s.UdpServer,udpMessageHandle,159]:[UDP1:bB]
18:23:40.452 INFO  [] --- [thread-pool-task-executor-3]:[c.e.u.u.s.i.BusinessServiceImpl,udpHandleMethod,25]:[业务处理完成]
18:23:42.029 INFO  [] --- [http-nio-8888-exec-4]:[c.e.u.u.c.UdpIntegrationClient,sendMessage,25]:[发送UDP: bB]
18:23:42.030 INFO  [] --- [http-nio-8888-exec-4]:[c.e.u.u.c.UdpIntegrationClient,sendMessage,27]:[发送成功]
18:23:42.031 INFO  [] --- [integrationFlow.ip:udp-inbound-channel-adapter#0-ip:udp-inbound-channel-adapter]:[c.e.u.u.s.UdpServer,filter,110]:[ip:192.168.0.101]
18:23:42.052 INFO  [] --- [thread-pool-task-executor-4]:[c.e.u.u.s.i.BusinessServiceImpl,udpHandleMethod,23]:[业务开始处理]
18:23:42.052 INFO  [] --- [integrationFlow.ip:udp-inbound-channel-adapter#0-ip:udp-inbound-channel-adapter]:[c.e.u.u.s.UdpServer,udpMessageHandle,159]:[UDP1:bB]
18:23:45.056 INFO  [] --- [thread-pool-task-executor-4]:[c.e.u.u.s.i.BusinessServiceImpl,udpHandleMethod,25]:[业务处理完成]
19:05:25.019 WARN  [] --- [restartedMain]:[o.s.b.StartupInfoLogger,appendOn,117]:[InetAddress.getLocalHost().getHostName() took 5004 milliseconds to respond. Please verify your network configuration (macOS machines may need to add entries to /etc/hosts).]
19:05:25.019 WARN  [] --- [restartedMain]:[o.s.b.StartupInfoLogger,appendOn,117]:[InetAddress.getLocalHost().getHostName() took 5004 milliseconds to respond. Please verify your network configuration (macOS machines may need to add entries to /etc/hosts).]
19:05:30.022 WARN  [] --- [restartedMain]:[o.s.b.s.ApplicationPid,resolveJvmName,75]:[ManagementFactory.getRuntimeMXBean().getName() took 5001 milliseconds to respond. This may be due to slow host name resolution. Please verify your network configuration (macOS machines may need to add entries to /etc/hosts).]
19:05:30.022 WARN  [] --- [restartedMain]:[o.s.b.s.ApplicationPid,resolveJvmName,75]:[ManagementFactory.getRuntimeMXBean().getName() took 5001 milliseconds to respond. This may be due to slow host name resolution. Please verify your network configuration (macOS machines may need to add entries to /etc/hosts).]
19:05:30.023 INFO  [] --- [restartedMain]:[c.e.u.UdpServerApplication,logStarting,55]:[Starting UdpServerApplication using Java 1.8.0_241 on qiuxinyideMacBook-Pro.local with PID 3258 (/Users/qiuxinyi/IdeaProjects/udp-server/target/classes started by qiuxinyi in /Users/qiuxinyi/IdeaProjects/udp-server)]
19:05:30.023 INFO  [] --- [restartedMain]:[c.e.u.UdpServerApplication,logStartupProfileInfo,634]:[No active profile set, falling back to 1 default profile: "default"]
19:05:30.359 INFO  [] --- [restartedMain]:[o.a.c.h.Http11NioProtocol,log,173]:[Initializing ProtocolHandler ["http-nio-8888"]]
19:05:30.360 INFO  [] --- [restartedMain]:[o.a.c.c.StandardService,log,173]:[Starting service [Tomcat]]
19:05:30.360 INFO  [] --- [restartedMain]:[o.a.c.c.StandardEngine,log,173]:[Starting Servlet engine: [Apache Tomcat/9.0.65]]
19:05:30.378 INFO  [] --- [restartedMain]:[o.a.c.c.C.[.[.[/],log,173]:[Initializing Spring embedded WebApplicationContext]
19:05:30.411 WARN  [] --- [main]:[o.s.b.StartupInfoLogger,appendOn,117]:[InetAddress.getLocalHost().getHostName() took 5001 milliseconds to respond. Please verify your network configuration (macOS machines may need to add entries to /etc/hosts).]
19:05:30.411 WARN  [] --- [main]:[o.s.b.StartupInfoLogger,appendOn,117]:[InetAddress.getLocalHost().getHostName() took 5001 milliseconds to respond. Please verify your network configuration (macOS machines may need to add entries to /etc/hosts).]
19:05:30.426 INFO  [] --- [restartedMain]:[c.e.u.a.c.ThreadPoolConfig,threadPoolTaskExecutor,53]:[---------- 线程池开始加载 ----------]
19:05:30.427 INFO  [] --- [restartedMain]:[c.e.u.a.c.ThreadPoolConfig,threadPoolTaskExecutor,72]:[---------- 线程池加载完成 ----------]
19:05:30.432 INFO  [] --- [restartedMain]:[c.e.u.u.s.UdpServer,integrationFlow,71]:[UDP服务启动成功，端口号为: 7777]
19:05:30.626 INFO  [] --- [restartedMain]:[o.a.c.h.Http11NioProtocol,log,173]:[Starting ProtocolHandler ["http-nio-8888"]]
19:05:30.636 INFO  [] --- [restartedMain]:[c.e.u.UdpServerApplication,logStarted,61]:[Started UdpServerApplication in 20.686 seconds (JVM running for 1985.425)]
19:05:35.417 WARN  [] --- [main]:[o.s.b.s.ApplicationPid,resolveJvmName,75]:[ManagementFactory.getRuntimeMXBean().getName() took 5005 milliseconds to respond. This may be due to slow host name resolution. Please verify your network configuration (macOS machines may need to add entries to /etc/hosts).]
19:05:35.417 WARN  [] --- [main]:[o.s.b.s.ApplicationPid,resolveJvmName,75]:[ManagementFactory.getRuntimeMXBean().getName() took 5005 milliseconds to respond. This may be due to slow host name resolution. Please verify your network configuration (macOS machines may need to add entries to /etc/hosts).]
19:05:35.423 INFO  [] --- [main]:[c.e.u.UdpServerApplicationTests,logStarting,55]:[Starting UdpServerApplicationTests using Java 1.8.0_241 on qiuxinyideMacBook-Pro.local with PID 3364 (started by qiuxinyi in /Users/qiuxinyi/IdeaProjects/udp-server)]
19:05:35.426 INFO  [] --- [main]:[c.e.u.UdpServerApplicationTests,logStartupProfileInfo,634]:[No active profile set, falling back to 1 default profile: "default"]
19:05:36.610 INFO  [] --- [main]:[c.e.u.a.c.ThreadPoolConfig,threadPoolTaskExecutor,53]:[---------- 线程池开始加载 ----------]
19:05:36.613 INFO  [] --- [main]:[c.e.u.a.c.ThreadPoolConfig,threadPoolTaskExecutor,72]:[---------- 线程池加载完成 ----------]
19:05:36.626 INFO  [] --- [main]:[c.e.u.u.s.UdpServer,integrationFlow,71]:[UDP服务启动成功，端口号为: 7777]
19:05:37.750 INFO  [] --- [main]:[c.e.u.UdpServerApplicationTests,logStarted,61]:[Started UdpServerApplicationTests in 22.866 seconds (JVM running for 23.959)]
22:32:31.879 WARN  [] --- [restartedMain]:[o.s.b.StartupInfoLogger,appendOn,117]:[InetAddress.getLocalHost().getHostName() took 5002 milliseconds to respond. Please verify your network configuration (macOS machines may need to add entries to /etc/hosts).]
22:32:31.879 WARN  [] --- [restartedMain]:[o.s.b.StartupInfoLogger,appendOn,117]:[InetAddress.getLocalHost().getHostName() took 5002 milliseconds to respond. Please verify your network configuration (macOS machines may need to add entries to /etc/hosts).]
22:32:36.890 WARN  [] --- [restartedMain]:[o.s.b.s.ApplicationPid,resolveJvmName,75]:[ManagementFactory.getRuntimeMXBean().getName() took 5007 milliseconds to respond. This may be due to slow host name resolution. Please verify your network configuration (macOS machines may need to add entries to /etc/hosts).]
22:32:36.890 WARN  [] --- [restartedMain]:[o.s.b.s.ApplicationPid,resolveJvmName,75]:[ManagementFactory.getRuntimeMXBean().getName() took 5007 milliseconds to respond. This may be due to slow host name resolution. Please verify your network configuration (macOS machines may need to add entries to /etc/hosts).]
22:32:36.894 INFO  [] --- [restartedMain]:[c.e.u.UdpServerApplication,logStarting,55]:[Starting UdpServerApplication using Java 1.8.0_241 on qiuxinyideMacBook-Pro.local with PID 3698 (/Users/qiuxinyi/IdeaProjects/udp-server/target/classes started by qiuxinyi in /Users/qiuxinyi/IdeaProjects/udp-server)]
22:32:36.896 INFO  [] --- [restartedMain]:[c.e.u.UdpServerApplication,logStartupProfileInfo,634]:[No active profile set, falling back to 1 default profile: "default"]
22:32:38.217 INFO  [] --- [restartedMain]:[o.a.c.h.Http11NioProtocol,log,173]:[Initializing ProtocolHandler ["http-nio-8888"]]
22:32:38.218 INFO  [] --- [restartedMain]:[o.a.c.c.StandardService,log,173]:[Starting service [Tomcat]]
22:32:38.218 INFO  [] --- [restartedMain]:[o.a.c.c.StandardEngine,log,173]:[Starting Servlet engine: [Apache Tomcat/9.0.65]]
22:32:38.276 INFO  [] --- [restartedMain]:[o.a.c.c.C.[.[.[/],log,173]:[Initializing Spring embedded WebApplicationContext]
22:32:38.424 INFO  [] --- [restartedMain]:[c.e.u.a.c.ThreadPoolConfig,threadPoolTaskExecutor,53]:[---------- 线程池开始加载 ----------]
22:32:38.425 INFO  [] --- [restartedMain]:[c.e.u.a.c.ThreadPoolConfig,threadPoolTaskExecutor,72]:[---------- 线程池加载完成 ----------]
22:32:38.431 INFO  [] --- [restartedMain]:[c.e.u.u.s.UdpServer,integrationFlow,71]:[UDP服务启动成功，端口号为: 7777]
22:32:38.998 INFO  [] --- [restartedMain]:[o.a.c.h.Http11NioProtocol,log,173]:[Starting ProtocolHandler ["http-nio-8888"]]
22:32:39.038 INFO  [] --- [restartedMain]:[c.e.u.UdpServerApplication,logStarted,61]:[Started UdpServerApplication in 22.724 seconds (JVM running for 28.439)]
22:33:58.368 INFO  [] --- [http-nio-8888-exec-1]:[o.a.c.c.C.[.[.[/],log,173]:[Initializing Spring DispatcherServlet 'dispatcherServlet']
22:33:58.406 INFO  [] --- [http-nio-8888-exec-1]:[c.e.u.u.c.UdpSimpleClient,sendMessage,28]:[发送UDP: aA]
22:33:58.408 INFO  [] --- [http-nio-8888-exec-1]:[c.e.u.u.c.UdpSimpleClient,sendMessage,38]:[发送成功]
22:34:07.824 INFO  [] --- [http-nio-8888-exec-2]:[c.e.u.u.c.UdpSimpleClient,sendMessage,28]:[发送UDP: aA]
22:34:07.826 INFO  [] --- [http-nio-8888-exec-2]:[c.e.u.u.c.UdpSimpleClient,sendMessage,38]:[发送成功]
22:36:40.899 WARN  [] --- [restartedMain]:[o.s.b.StartupInfoLogger,appendOn,117]:[InetAddress.getLocalHost().getHostName() took 5006 milliseconds to respond. Please verify your network configuration (macOS machines may need to add entries to /etc/hosts).]
22:36:40.899 WARN  [] --- [restartedMain]:[o.s.b.StartupInfoLogger,appendOn,117]:[InetAddress.getLocalHost().getHostName() took 5006 milliseconds to respond. Please verify your network configuration (macOS machines may need to add entries to /etc/hosts).]
22:36:45.910 WARN  [] --- [restartedMain]:[o.s.b.s.ApplicationPid,resolveJvmName,75]:[ManagementFactory.getRuntimeMXBean().getName() took 5005 milliseconds to respond. This may be due to slow host name resolution. Please verify your network configuration (macOS machines may need to add entries to /etc/hosts).]
22:36:45.910 WARN  [] --- [restartedMain]:[o.s.b.s.ApplicationPid,resolveJvmName,75]:[ManagementFactory.getRuntimeMXBean().getName() took 5005 milliseconds to respond. This may be due to slow host name resolution. Please verify your network configuration (macOS machines may need to add entries to /etc/hosts).]
22:36:45.914 INFO  [] --- [restartedMain]:[c.e.u.UdpServerApplication,logStarting,55]:[Starting UdpServerApplication using Java 1.8.0_241 on qiuxinyideMacBook-Pro.local with PID 3729 (/Users/qiuxinyi/IdeaProjects/udp-server/target/classes started by qiuxinyi in /Users/qiuxinyi/IdeaProjects/udp-server)]
22:36:45.915 INFO  [] --- [restartedMain]:[c.e.u.UdpServerApplication,logStartupProfileInfo,634]:[No active profile set, falling back to 1 default profile: "default"]
22:36:46.984 INFO  [] --- [restartedMain]:[o.a.c.h.Http11NioProtocol,log,173]:[Initializing ProtocolHandler ["http-nio-8888"]]
22:36:46.985 INFO  [] --- [restartedMain]:[o.a.c.c.StandardService,log,173]:[Starting service [Tomcat]]
22:36:46.985 INFO  [] --- [restartedMain]:[o.a.c.c.StandardEngine,log,173]:[Starting Servlet engine: [Apache Tomcat/9.0.65]]
22:36:47.048 INFO  [] --- [restartedMain]:[o.a.c.c.C.[.[.[/],log,173]:[Initializing Spring embedded WebApplicationContext]
22:36:47.180 INFO  [] --- [restartedMain]:[c.e.u.a.c.ThreadPoolConfig,threadPoolTaskExecutor,53]:[---------- 线程池开始加载 ----------]
22:36:47.180 INFO  [] --- [restartedMain]:[c.e.u.a.c.ThreadPoolConfig,threadPoolTaskExecutor,72]:[---------- 线程池加载完成 ----------]
22:36:47.186 INFO  [] --- [restartedMain]:[c.e.u.u.s.UdpServer,integrationFlow,71]:[UDP服务启动成功，端口号为: 7777]
22:36:47.731 INFO  [] --- [restartedMain]:[o.a.c.h.Http11NioProtocol,log,173]:[Starting ProtocolHandler ["http-nio-8888"]]
22:36:47.767 INFO  [] --- [restartedMain]:[c.e.u.UdpServerApplication,logStarted,61]:[Started UdpServerApplication in 22.365 seconds (JVM running for 28.026)]
22:36:49.971 INFO  [] --- [http-nio-8888-exec-1]:[o.a.c.c.C.[.[.[/],log,173]:[Initializing Spring DispatcherServlet 'dispatcherServlet']
22:36:49.994 INFO  [] --- [http-nio-8888-exec-1]:[c.e.u.u.c.UdpSimpleClient,sendMessage,28]:[发送UDP: aA]
22:36:49.996 INFO  [] --- [http-nio-8888-exec-1]:[c.e.u.u.c.UdpSimpleClient,sendMessage,38]:[发送成功]
22:36:55.800 INFO  [] --- [http-nio-8888-exec-2]:[c.e.u.u.c.UdpIntegrationClient,sendMessage,25]:[发送UDP: bB]
22:36:55.811 INFO  [] --- [http-nio-8888-exec-2]:[c.e.u.u.c.UdpIntegrationClient,sendMessage,27]:[发送成功]
